<?xml version="1.0" encoding="UTF-8"?>
<!-- Generated by org.testng.reporters.JUnitXMLReporter -->
<testsuite ignored="4" hostname="Skynet" failures="0" tests="2" name="Test1" time="33.669" errors="0" timestamp="2024-01-10T11:07:05 IST">
  <testcase classname="execution.NykaaExecution" name="ZomatoTest" time="14.521"/>
  <testcase classname="execution.NykaaExecution" name="swiggyTest" time="19.138"/>
  <testcase classname="execution.NykaaExecution" name="nykaaTest" time="0.0">
    <ignored/>
  </testcase> <!-- nykaaTest -->
  <testcase classname="execution.NykaaExecution" name="myntraTest" time="0.0">
    <ignored/>
  </testcase> <!-- myntraTest -->
  <testcase classname="execution.NykaaExecution" name="tiraTest" time="0.0">
    <ignored/>
  </testcase> <!-- tiraTest -->
  <testcase classname="execution.NykaaExecution" name="jioCenmaTest" time="0.0">
    <ignored/>
  </testcase> <!-- jioCenmaTest -->
</testsuite> <!-- Test1 -->
