<?xml version="1.0" encoding="UTF-8"?>
<!-- Generated by org.testng.reporters.JUnitXMLReporter -->
<testsuite ignored="3" hostname="Skynet" failures="0" tests="3" name="Test" time="59.064" errors="0" timestamp="2024-01-10T11:06:31 IST">
  <testcase classname="execution.NykaaExecution" name="myntraTest" time="14.365"/>
  <testcase classname="execution.NykaaExecution" name="nykaaTest" time="20.176"/>
  <testcase classname="execution.NykaaExecution" name="tiraTest" time="24.43"/>
  <testcase classname="execution.NykaaExecution" name="jioCenmaTest" time="0.0">
    <ignored/>
  </testcase> <!-- jioCenmaTest -->
  <testcase classname="execution.NykaaExecution" name="swiggyTest" time="0.0">
    <ignored/>
  </testcase> <!-- swiggyTest -->
  <testcase classname="execution.NykaaExecution" name="ZomatoTest" time="0.0">
    <ignored/>
  </testcase> <!-- ZomatoTest -->
</testsuite> <!-- Test -->
