<?xml version="1.0" encoding="UTF-8"?>
<testng-results ignored="0" total="1" passed="1" failed="0" skipped="0">
  <reporter-output>
    <line>
      <![CDATA[TestScript is started]]>
    </line>
    <line>
      <![CDATA[PerfumeTest TestScript is passed]]>
    </line>
  </reporter-output>
  <suite started-at="2024-01-19T11:13:42 IST" name="Default suite" finished-at="2024-01-19T11:14:11 IST" duration-ms="29329">
    <groups>
    </groups>
    <test started-at="2024-01-19T11:13:42 IST" name="Default test" finished-at="2024-01-19T11:14:11 IST" duration-ms="29329">
      <class name="basicListner.AjioTest">
        <test-method signature="PerfumeTest()[pri:0, instance:basicListner.AjioTest@1e6a3214]" started-at="2024-01-19T11:13:43 IST" name="PerfumeTest" finished-at="2024-01-19T11:14:11 IST" duration-ms="28510" status="PASS">
          <reporter-output>
            <line>
              <![CDATA[PerfumeTest TestScript is passed]]>
            </line>
          </reporter-output>
        </test-method> <!-- PerfumeTest -->
      </class> <!-- basicListner.AjioTest -->
    </test> <!-- Default test -->
  </suite> <!-- Default suite -->
</testng-results>
